c:\users\brendan\documents\ddlmodule\builds\visualstudio2015\x64\debug\juce_audio_formats.obj
c:\users\brendan\documents\ddlmodule\builds\visualstudio2015\x64\debug\juce_graphics.obj
c:\users\brendan\documents\ddlmodule\builds\visualstudio2015\x64\debug\pluginprocessor.obj
c:\users\brendan\documents\ddlmodule\builds\visualstudio2015\x64\debug\juce_events.obj
c:\users\brendan\documents\ddlmodule\builds\visualstudio2015\x64\debug\plugineditor.obj
c:\users\brendan\documents\ddlmodule\builds\visualstudio2015\x64\debug\juce_data_structures.obj
c:\users\brendan\documents\ddlmodule\builds\visualstudio2015\x64\debug\juce_opengl.obj
c:\users\brendan\documents\ddlmodule\builds\visualstudio2015\x64\debug\juce_audio_plugin_client_vst3.obj
c:\users\brendan\documents\ddlmodule\builds\visualstudio2015\x64\debug\juce_video.obj
c:\users\brendan\documents\ddlmodule\builds\visualstudio2015\x64\debug\juce_audio_basics.obj
c:\users\brendan\documents\ddlmodule\builds\visualstudio2015\x64\debug\juce_audio_processors.obj
c:\users\brendan\documents\ddlmodule\builds\visualstudio2015\x64\debug\juce_audio_devices.obj
c:\users\brendan\documents\ddlmodule\builds\visualstudio2015\x64\debug\juce_core.obj
c:\users\brendan\documents\ddlmodule\builds\visualstudio2015\x64\debug\delaybuffer.obj
c:\users\brendan\documents\ddlmodule\builds\visualstudio2015\x64\debug\juce_cryptography.obj
c:\users\brendan\documents\ddlmodule\builds\visualstudio2015\x64\debug\juce_gui_extra.obj
c:\users\brendan\documents\ddlmodule\builds\visualstudio2015\x64\debug\juce_audio_plugin_client_utils.obj
c:\users\brendan\documents\ddlmodule\builds\visualstudio2015\x64\debug\juce_gui_basics.obj
c:\users\brendan\documents\ddlmodule\builds\visualstudio2015\x64\debug\vc140.pdb
c:\users\brendan\documents\ddlmodule\builds\visualstudio2015\x64\debug\ddlmodule.lib
c:\users\brendan\documents\ddlmodule\builds\visualstudio2015\x64\debug\ddlmodule.exp
c:\users\brendan\documents\ddlmodule\builds\visualstudio2015\x64\debug\ddlmodule.ilk
c:\users\brendan\documents\ddlmodule\builds\visualstudio2015\x64\debug\ddlmodule.dll
c:\users\brendan\documents\ddlmodule\builds\visualstudio2015\x64\debug\ddlmodule.pdb
c:\users\brendan\documents\ddlmodule\builds\visualstudio2015\x64\debug\resources.res
c:\users\brendan\documents\ddlmodule\builds\visualstudio2015\x64\debug\ddlmodule.tlog\cl.command.1.tlog
c:\users\brendan\documents\ddlmodule\builds\visualstudio2015\x64\debug\ddlmodule.tlog\cl.read.1.tlog
c:\users\brendan\documents\ddlmodule\builds\visualstudio2015\x64\debug\ddlmodule.tlog\cl.write.1.tlog
c:\users\brendan\documents\ddlmodule\builds\visualstudio2015\x64\debug\ddlmodule.tlog\ddlmodule.write.1u.tlog
c:\users\brendan\documents\ddlmodule\builds\visualstudio2015\x64\debug\ddlmodule.tlog\link.command.1.tlog
c:\users\brendan\documents\ddlmodule\builds\visualstudio2015\x64\debug\ddlmodule.tlog\link.read.1.tlog
c:\users\brendan\documents\ddlmodule\builds\visualstudio2015\x64\debug\ddlmodule.tlog\link.write.1.tlog
c:\users\brendan\documents\ddlmodule\builds\visualstudio2015\x64\debug\ddlmodule.tlog\rc.command.1.tlog
c:\users\brendan\documents\ddlmodule\builds\visualstudio2015\x64\debug\ddlmodule.tlog\rc.read.1.tlog
c:\users\brendan\documents\ddlmodule\builds\visualstudio2015\x64\debug\ddlmodule.tlog\rc.write.1.tlog
